# JRE version: Java(TM) SE Runtime Environment (8.0_202-b08) (build 1.8.0_202-b08)
# Java VM: Java HotSpot(TM) 64-Bit Server VM (25.202-b08 mixed mode windows-amd64 compressed oops)
Heap:
 PSYoungGen      total 196096K, used 63949K [0x000000076c380000, 0x000000077a400000, 0x00000007c0000000)
  eden space 181760K, 29% used [0x000000076c380000,0x000000076f770de8,0x0000000777500000)
  from space 14336K, 75% used [0x0000000777500000,0x0000000777f82658,0x0000000778300000)
  to   space 14336K, 0% used [0x0000000778300000,0x0000000778300000,0x0000000779100000)
 ParOldGen       total 137728K, used 26817K [0x00000006c4a00000, 0x00000006cd080000, 0x000000076c380000)
  object space 137728K, 19% used [0x00000006c4a00000,0x00000006c64304d0,0x00000006cd080000)
 Metaspace       used 62258K, capacity 65880K, committed 66072K, reserved 1105920K
  class space    used 9057K, capacity 9695K, committed 9776K, reserved 1048576K
GC Heap History (10 events):
Event: 1.671 GC heap before
{Heap before GC invocations=8 (full 2):
 PSYoungGen      total 196096K, used 10062K [0x000000076c380000, 0x000000077a400000, 0x00000007c0000000)
  eden space 181760K, 0% used [0x000000076c380000,0x000000076c380000,0x0000000777500000)
  from space 14336K, 70% used [0x0000000778300000,0x0000000778cd39e8,0x0000000779100000)
  to   space 14336K, 0% used [0x0000000777500000,0x0000000777500000,0x0000000778300000)
 ParOldGen       total 90112K, used 8973K [0x00000006c4a00000, 0x00000006ca200000, 0x000000076c380000)
  object space 90112K, 9% used [0x00000006c4a00000,0x00000006c52c37b0,0x00000006ca200000)
 Metaspace       used 33417K, capacity 35412K, committed 35496K, reserved 1079296K
  class space    used 4729K, capacity 5112K, committed 5168K, reserved 1048576K
Event: 1.694 GC heap after
Heap after GC invocations=8 (full 2):
 PSYoungGen      total 196096K, used 0K [0x000000076c380000, 0x000000077a400000, 0x00000007c0000000)
  eden space 181760K, 0% used [0x000000076c380000,0x000000076c380000,0x0000000777500000)
  from space 14336K, 0% used [0x0000000778300000,0x0000000778300000,0x0000000779100000)
  to   space 14336K, 0% used [0x0000000777500000,0x0000000777500000,0x0000000778300000)
 ParOldGen       total 137728K, used 14888K [0x00000006c4a00000, 0x00000006cd080000, 0x000000076c380000)
  object space 137728K, 10% used [0x00000006c4a00000,0x00000006c588a0e0,0x00000006cd080000)
 Metaspace       used 33417K, capacity 35412K, committed 35496K, reserved 1079296K
  class space    used 4729K, capacity 5112K, committed 5168K, reserved 1048576K
}
Event: 2.451 GC heap before
{Heap before GC invocations=9 (full 2):
 PSYoungGen      total 196096K, used 181760K [0x000000076c380000, 0x000000077a400000, 0x00000007c0000000)
  eden space 181760K, 100% used [0x000000076c380000,0x0000000777500000,0x0000000777500000)
  from space 14336K, 0% used [0x0000000778300000,0x0000000778300000,0x0000000779100000)
  to   space 14336K, 0% used [0x0000000777500000,0x0000000777500000,0x0000000778300000)
 ParOldGen       total 137728K, used 14888K [0x00000006c4a00000, 0x00000006cd080000, 0x000000076c380000)
  object space 137728K, 10% used [0x00000006c4a00000,0x00000006c588a0e0,0x00000006cd080000)
 Metaspace       used 47231K, capacity 49632K, committed 49712K, reserved 1091584K
  class space    used 6747K, capacity 7207K, committed 7216K, reserved 1048576K
Event: 2.460 GC heap after
Heap after GC invocations=9 (full 2):
 PSYoungGen      total 196096K, used 14306K [0x000000076c380000, 0x000000077a400000, 0x00000007c0000000)
  eden space 181760K, 0% used [0x000000076c380000,0x000000076c380000,0x0000000777500000)
  from space 14336K, 99% used [0x0000000777500000,0x00000007782f8840,0x0000000778300000)
  to   space 14336K, 0% used [0x0000000778300000,0x0000000778300000,0x0000000779100000)
 ParOldGen       total 137728K, used 16811K [0x00000006c4a00000, 0x00000006cd080000, 0x000000076c380000)
  object space 137728K, 12% used [0x00000006c4a00000,0x00000006c5a6af80,0x00000006cd080000)
 Metaspace       used 47231K, capacity 49632K, committed 49712K, reserved 1091584K
  class space    used 6747K, capacity 7207K, committed 7216K, reserved 1048576K
}
Event: 2.967 GC heap before
{Heap before GC invocations=10 (full 2):
 PSYoungGen      total 196096K, used 121557K [0x000000076c380000, 0x000000077a400000, 0x00000007c0000000)
  eden space 181760K, 59% used [0x000000076c380000,0x0000000772c3ce90,0x0000000777500000)
  from space 14336K, 99% used [0x0000000777500000,0x00000007782f8840,0x0000000778300000)
  to   space 14336K, 0% used [0x0000000778300000,0x0000000778300000,0x0000000779100000)
 ParOldGen       total 137728K, used 16811K [0x00000006c4a00000, 0x00000006cd080000, 0x000000076c380000)
  object space 137728K, 12% used [0x00000006c4a00000,0x00000006c5a6af80,0x00000006cd080000)
 Metaspace       used 55956K, capacity 59042K, committed 59160K, reserved 1099776K
  class space    used 8132K, capacity 8690K, committed 8752K, reserved 1048576K
Event: 2.975 GC heap after
Heap after GC invocations=10 (full 2):
 PSYoungGen      total 196096K, used 14334K [0x000000076c380000, 0x000000077a400000, 0x00000007c0000000)
  eden space 181760K, 0% used [0x000000076c380000,0x000000076c380000,0x0000000777500000)
  from space 14336K, 99% used [0x0000000778300000,0x00000007790ffb28,0x0000000779100000)
  to   space 14336K, 0% used [0x0000000777500000,0x0000000777500000,0x0000000778300000)
 ParOldGen       total 137728K, used 17855K [0x00000006c4a00000, 0x00000006cd080000, 0x000000076c380000)
  object space 137728K, 12% used [0x00000006c4a00000,0x00000006c5b6ff48,0x00000006cd080000)
 Metaspace       used 55956K, capacity 59042K, committed 59160K, reserved 1099776K
  class space    used 8132K, capacity 8690K, committed 8752K, reserved 1048576K
}
Event: 2.975 GC heap before
{Heap before GC invocations=11 (full 3):
 PSYoungGen      total 196096K, used 14334K [0x000000076c380000, 0x000000077a400000, 0x00000007c0000000)
  eden space 181760K, 0% used [0x000000076c380000,0x000000076c380000,0x0000000777500000)
  from space 14336K, 99% used [0x0000000778300000,0x00000007790ffb28,0x0000000779100000)
  to   space 14336K, 0% used [0x0000000777500000,0x0000000777500000,0x0000000778300000)
 ParOldGen       total 137728K, used 17855K [0x00000006c4a00000, 0x00000006cd080000, 0x000000076c380000)
  object space 137728K, 12% used [0x00000006c4a00000,0x00000006c5b6ff48,0x00000006cd080000)
 Metaspace       used 55956K, capacity 59042K, committed 59160K, reserved 1099776K
  class space    used 8132K, capacity 8690K, committed 8752K, reserved 1048576K
Event: 3.074 GC heap after
Heap after GC invocations=11 (full 3):
 PSYoungGen      total 196096K, used 0K [0x000000076c380000, 0x000000077a400000, 0x00000007c0000000)
  eden space 181760K, 0% used [0x000000076c380000,0x000000076c380000,0x0000000777500000)
  from space 14336K, 0% used [0x0000000778300000,0x0000000778300000,0x0000000779100000)
  to   space 14336K, 0% used [0x0000000777500000,0x0000000777500000,0x0000000778300000)
 ParOldGen       total 137728K, used 26809K [0x00000006c4a00000, 0x00000006cd080000, 0x000000076c380000)
  object space 137728K, 19% used [0x00000006c4a00000,0x00000006c642e4d0,0x00000006cd080000)
 Metaspace       used 55956K, capacity 59042K, committed 59160K, reserved 1099776K
  class space    used 8132K, capacity 8690K, committed 8752K, reserved 1048576K
}
Event: 3.672 GC heap before
{Heap before GC invocations=12 (full 3):
 PSYoungGen      total 196096K, used 181760K [0x000000076c380000, 0x000000077a400000, 0x00000007c0000000)
  eden space 181760K, 100% used [0x000000076c380000,0x0000000777500000,0x0000000777500000)
  from space 14336K, 0% used [0x0000000778300000,0x0000000778300000,0x0000000779100000)
  to   space 14336K, 0% used [0x0000000777500000,0x0000000777500000,0x0000000778300000)
 ParOldGen       total 137728K, used 26809K [0x00000006c4a00000, 0x00000006cd080000, 0x000000076c380000)
  object space 137728K, 19% used [0x00000006c4a00000,0x00000006c642e4d0,0x00000006cd080000)
 Metaspace       used 62222K, capacity 65816K, committed 66072K, reserved 1105920K
  class space    used 9057K, capacity 9695K, committed 9776K, reserved 1048576K
Event: 3.678 GC heap after
Heap after GC invocations=12 (full 3):
 PSYoungGen      total 196096K, used 10761K [0x000000076c380000, 0x000000077a400000, 0x00000007c0000000)
  eden space 181760K, 0% used [0x000000076c380000,0x000000076c380000,0x0000000777500000)
  from space 14336K, 75% used [0x0000000777500000,0x0000000777f82658,0x0000000778300000)
  to   space 14336K, 0% used [0x0000000778300000,0x0000000778300000,0x0000000779100000)
 ParOldGen       total 137728K, used 26817K [0x00000006c4a00000, 0x00000006cd080000, 0x000000076c380000)
  object space 137728K, 19% used [0x00000006c4a00000,0x00000006c64304d0,0x00000006cd080000)
 Metaspace       used 62222K, capacity 65816K, committed 66072K, reserved 1105920K
  class space    used 9057K, capacity 9695K, committed 9776K, reserved 1048576K
}

